<?xml version="1.0" encoding="UTF-8"?>
<!-- Generated by org.testng.reporters.JUnitXMLReporter -->
<testsuite hostname="DESKTOP-RRM3MG3" ignored="0" name="test" tests="5" failures="1" timestamp="15 Apr 2019 11:22:24 GMT" time="70.95" errors="0">
  <testcase name="Testcase11" time="1.327" classname="com.tc.TestCase"/>
  <testcase name="Testcase18" time="20.373" classname="com.tc.TestCase">
    <skipped/>
  </testcase> <!-- Testcase18 -->
  <testcase name="Testcase18" time="0.001" classname="com.tc.TestCase">
    <failure type="java.lang.IllegalArgumentException" message="wrong number of arguments">
      <![CDATA[java.lang.IllegalArgumentException: wrong number of arguments
... Removed 29 stack frames]]>
    </failure>
  </testcase> <!-- Testcase18 -->
  <testcase name="Testcase19" time="0.032" classname="com.tc.TestCase"/>
  <testcase name="Testcase20" time="0.083" classname="com.tc.TestCase"/>
</testsuite> <!-- test -->
