-------------------------------------------------------------------------------
Test set: TestSuite
-------------------------------------------------------------------------------
Tests run: 5, Failures: 1, Errors: 0, Skipped: 1, Time elapsed: 73.305 s <<< FAILURE! - in TestSuite
Testcase18(com.tc.TestCase)  Time elapsed: 0.353 s  <<< FAILURE!
java.lang.IllegalArgumentException: wrong number of arguments

